<?xml version="1.0" encoding="UTF-8"?><testsuite errors="1" failures="0" name="Registrar usuario en Utest" skipped="0" tests="1" time="86.39" timestamp="2022-07-19 12:56:09"><testcase name="Registrar usuario en Utest"><error message="element click intercepted: Element &lt;span class=&quot;checkmark signup-consent__checkbox error&quot; ng-class=&quot;{error: userForm.privacySetting.$error.required}&quot;&gt;&lt;/span&gt; is not clickable at point (544, 448). Other element would receive the click: &lt;p&gt;...&lt;/p&gt;&#10;  (Session info: chrome=103.0.5060.114)&#10;Build info: version: '3.141.59', revision: 'e82be7d358', time: '2018-11-14T08:17:03'&#10;System info: host: 'DESKTOP-J8NT09A', ip: '192.168.1.7', os.name: 'Windows 10', os.arch: 'amd64', os.version: '10.0', java.version: '1.8.0_202'&#10;Driver info: org.openqa.selenium.chrome.ChromeDriver&#10;Capabilities {acceptInsecureCerts: false, browserName: chrome, browserVersion: 103.0.5060.114, chrome: {chromedriverVersion: 103.0.5060.53 (a1711811edd7..., userDataDir: C:\Users\jdco0\AppData\Loca...}, goog:chromeOptions: {debuggerAddress: localhost:60428}, javascriptEnabled: true, networkConnectionEnabled: false, pageLoadStrategy: normal, platform: WINDOWS, platformName: WINDOWS, proxy: Proxy(), setWindowRect: true, strictFileInteractability: false, timeouts: {implicit: 0, pageLoad: 300000, script: 30000}, unhandledPromptBehavior: dismiss and notify, webauthn:extension:credBlob: true, webauthn:extension:largeBlob: true, webauthn:virtualAuthenticators: true}&#10;Session ID: 1aa2ca78defd1ce7fa81781e3e4f95cb" type="org.openqa.selenium.ElementClickInterceptedException">element click intercepted: Element &lt;span class="checkmark signup-consent__checkbox error" ng-class="{error: userForm.privacySetting.$error.required}"&gt;&lt;/span&gt; is not clickable at point (544, 448). Other element would receive the click: &lt;p&gt;...&lt;/p&gt;
  (Session info: chrome=103.0.5060.114)
Build info: version: '3.141.59', revision: 'e82be7d358', time: '2018-11-14T08:17:03'
System info: host: 'DESKTOP-J8NT09A', ip: '192.168.1.7', os.name: 'Windows 10', os.arch: 'amd64', os.version: '10.0', java.version: '1.8.0_202'
Driver info: org.openqa.selenium.chrome.ChromeDriver
Capabilities {acceptInsecureCerts: false, browserName: chrome, browserVersion: 103.0.5060.114, chrome: {chromedriverVersion: 103.0.5060.53 (a1711811edd7..., userDataDir: C:\Users\jdco0\AppData\Loca...}, goog:chromeOptions: {debuggerAddress: localhost:60428}, javascriptEnabled: true, networkConnectionEnabled: false, pageLoadStrategy: normal, platform: WINDOWS, platformName: WINDOWS, proxy: Proxy(), setWindowRect: true, strictFileInteractability: false, timeouts: {implicit: 0, pageLoad: 300000, script: 30000}, unhandledPromptBehavior: dismiss and notify, webauthn:extension:credBlob: true, webauthn:extension:largeBlob: true, webauthn:virtualAuthenticators: true}
Session ID: 1aa2ca78defd1ce7fa81781e3e4f95cb</error><system-err>element click intercepted: Element &lt;span class="checkmark signup-consent__checkbox error" ng-class="{error: userForm.privacySetting.$error.required}"&gt;&lt;/span&gt; is not clickable at point (544, 448). Other element would receive the click: &lt;p&gt;...&lt;/p&gt;
  (Session info: chrome=103.0.5060.114)
Build info: version: '3.141.59', revision: 'e82be7d358', time: '2018-11-14T08:17:03'
System info: host: 'DESKTOP-J8NT09A', ip: '192.168.1.7', os.name: 'Windows 10', os.arch: 'amd64', os.version: '10.0', java.version: '1.8.0_202'
Driver info: org.openqa.selenium.chrome.ChromeDriver
Capabilities {acceptInsecureCerts: false, browserName: chrome, browserVersion: 103.0.5060.114, chrome: {chromedriverVersion: 103.0.5060.53 (a1711811edd7..., userDataDir: C:\Users\jdco0\AppData\Loca...}, goog:chromeOptions: {debuggerAddress: localhost:60428}, javascriptEnabled: true, networkConnectionEnabled: false, pageLoadStrategy: normal, platform: WINDOWS, platformName: WINDOWS, proxy: Proxy(), setWindowRect: true, strictFileInteractability: false, timeouts: {implicit: 0, pageLoad: 300000, script: 30000}, unhandledPromptBehavior: dismiss and notify, webauthn:extension:credBlob: true, webauthn:extension:largeBlob: true, webauthn:virtualAuthenticators: true}
Session ID: 1aa2ca78defd1ce7fa81781e3e4f95cb&#13;
co.com.joinutest.tasks.AboutYourself3.performAs(AboutYourself3.java:34)&#13;
co.com.joinutest.stepdefinitions.joinutest.JoinStep.elRegistraLosSiguienteDatos(JoinStep.java:56)&#13;
cucumber.runner.Runner.runPickle(Runner.java:80)&#13;
</system-err></testcase></testsuite>